<?xml version="1.0" encoding="UTF-8"?>
<!-- Generated by org.testng.reporters.JUnitReportReporter -->
<testsuite hostname="scsbwin-999824" name="TestCase2" tests="1" failures="0" timestamp="1 Nov 2015 07:01:25 GMT" time="0.616" errors="0">
  <testcase name="serviceCall" time="0.616" classname="TestCase2"/>
</testsuite> <!-- TestCase2 -->
