<?xml version="1.0" encoding="UTF-8"?>
<!-- Generated by org.testng.reporters.JUnitReportReporter -->
<testsuite hostname="scsbwin-999824" name="TestCase1" tests="2" failures="0" timestamp="2 Nov 2015 11:40:01 GMT" time="0.065" errors="0">
  <testcase name="serviceCall" time="0.034" classname="TestCase1"/>
  <testcase name="serviceCall" time="0.031" classname="TestCase1"/>
</testsuite> <!-- TestCase1 -->
