<?xml version="1.0" encoding="UTF-8"?>
<!-- Generated by org.testng.reporters.JUnitReportReporter -->
<testsuite hostname="scsbwin-999824" name="TestCase1" tests="2" failures="0" timestamp="2 Nov 2015 11:58:45 GMT" time="0.210" errors="0">
  <testcase name="serviceCall" time="0.171" classname="TestCase1"/>
  <testcase name="serviceCall" time="0.039" classname="TestCase1"/>
</testsuite> <!-- TestCase1 -->
