<?xml version="1.0" encoding="UTF-8"?>
<!-- Generated by org.testng.reporters.JUnitReportReporter -->
<testsuite hostname="scsbwin-999824" name="TestCase1" tests="2" failures="0" timestamp="2 Nov 2015 15:22:33 GMT" time="0.062" errors="0">
  <testcase name="serviceCall" time="0.007" classname="TestCase1"/>
  <testcase name="serviceCall" time="0.055" classname="TestCase1"/>
</testsuite> <!-- TestCase1 -->
