<?xml version="1.0" encoding="UTF-8"?>
<!-- Generated by org.testng.reporters.JUnitReportReporter -->
<testsuite hostname="scsbwin-999824" name="TestCase1" tests="1" failures="0" timestamp="1 Nov 2015 08:48:40 GMT" time="0.318" errors="0">
  <testcase name="serviceCall" time="0.318" classname="TestCase1"/>
</testsuite> <!-- TestCase1 -->
